Performing C SOURCE FILE Test CMAKE_HAVE_LIBC_PTHREAD failed with the following output:
Change Dir: /home/jianrenw/Documents/skilled/cobot_magic/camera_ws/build/CMakeFiles/CMakeTmp

Run Build Command(s):/bin/make cmTC_4a5c2/fast && /bin/make -f CMakeFiles/cmTC_4a5c2.dir/build.make CMakeFiles/cmTC_4a5c2.dir/build
make[1]: Entering directory '/home/jianrenw/Documents/skilled/cobot_magic/camera_ws/build/CMakeFiles/CMakeTmp'
Building C object CMakeFiles/cmTC_4a5c2.dir/src.c.o
/bin/cc   -DCMAKE_HAVE_LIBC_PTHREAD   -o CMakeFiles/cmTC_4a5c2.dir/src.c.o   -c /home/jianrenw/Documents/skilled/cobot_magic/camera_ws/build/CMakeFiles/CMakeTmp/src.c
Linking C executable cmTC_4a5c2
/usr/bin/cmake -E cmake_link_script CMakeFiles/cmTC_4a5c2.dir/link.txt --verbose=1
/bin/cc  -DCMAKE_HAVE_LIBC_PTHREAD    -rdynamic CMakeFiles/cmTC_4a5c2.dir/src.c.o  -o cmTC_4a5c2 
/bin/ld: CMakeFiles/cmTC_4a5c2.dir/src.c.o: in function `main':
src.c:(.text+0x46): undefined reference to `pthread_create'
/bin/ld: src.c:(.text+0x52): undefined reference to `pthread_detach'
/bin/ld: src.c:(.text+0x63): undefined reference to `pthread_join'
collect2: error: ld returned 1 exit status
make[1]: *** [CMakeFiles/cmTC_4a5c2.dir/build.make:87: cmTC_4a5c2] Error 1
make[1]: Leaving directory '/home/jianrenw/Documents/skilled/cobot_magic/camera_ws/build/CMakeFiles/CMakeTmp'
make: *** [Makefile:121: cmTC_4a5c2/fast] Error 2


Source file was:
#include <pthread.h>

void* test_func(void* data)
{
  return data;
}

int main(void)
{
  pthread_t thread;
  pthread_create(&thread, NULL, test_func, NULL);
  pthread_detach(thread);
  pthread_join(thread, NULL);
  pthread_atfork(NULL, NULL, NULL);
  pthread_exit(NULL);

  return 0;
}

Determining if the function pthread_create exists in the pthreads failed with the following output:
Change Dir: /home/jianrenw/Documents/skilled/cobot_magic/camera_ws/build/CMakeFiles/CMakeTmp

Run Build Command(s):/bin/make cmTC_60f77/fast && /bin/make -f CMakeFiles/cmTC_60f77.dir/build.make CMakeFiles/cmTC_60f77.dir/build
make[1]: Entering directory '/home/jianrenw/Documents/skilled/cobot_magic/camera_ws/build/CMakeFiles/CMakeTmp'
Building C object CMakeFiles/cmTC_60f77.dir/CheckFunctionExists.c.o
/bin/cc   -DCHECK_FUNCTION_EXISTS=pthread_create   -o CMakeFiles/cmTC_60f77.dir/CheckFunctionExists.c.o   -c /usr/share/cmake-3.16/Modules/CheckFunctionExists.c
Linking C executable cmTC_60f77
/usr/bin/cmake -E cmake_link_script CMakeFiles/cmTC_60f77.dir/link.txt --verbose=1
/bin/cc  -DCHECK_FUNCTION_EXISTS=pthread_create    -rdynamic CMakeFiles/cmTC_60f77.dir/CheckFunctionExists.c.o  -o cmTC_60f77  -lpthreads 
/bin/ld: cannot find -lpthreads
collect2: error: ld returned 1 exit status
make[1]: *** [CMakeFiles/cmTC_60f77.dir/build.make:87: cmTC_60f77] Error 1
make[1]: Leaving directory '/home/jianrenw/Documents/skilled/cobot_magic/camera_ws/build/CMakeFiles/CMakeTmp'
make: *** [Makefile:121: cmTC_60f77/fast] Error 2



Determining if the function sgemm_ exists failed with the following output:
Change Dir: /home/jianrenw/Documents/skilled/cobot_magic/camera_ws/build/CMakeFiles/CMakeTmp

Run Build Command(s):/bin/make cmTC_04f10/fast && /bin/make -f CMakeFiles/cmTC_04f10.dir/build.make CMakeFiles/cmTC_04f10.dir/build
make[1]: Entering directory '/home/jianrenw/Documents/skilled/cobot_magic/camera_ws/build/CMakeFiles/CMakeTmp'
Building C object CMakeFiles/cmTC_04f10.dir/CheckFunctionExists.c.o
/bin/cc   -DCHECK_FUNCTION_EXISTS=sgemm_   -o CMakeFiles/cmTC_04f10.dir/CheckFunctionExists.c.o   -c /usr/share/cmake-3.16/Modules/CheckFunctionExists.c
Linking C executable cmTC_04f10
/usr/bin/cmake -E cmake_link_script CMakeFiles/cmTC_04f10.dir/link.txt --verbose=1
/bin/cc  -DCHECK_FUNCTION_EXISTS=sgemm_    CMakeFiles/cmTC_04f10.dir/CheckFunctionExists.c.o  -o cmTC_04f10 
/bin/ld: CMakeFiles/cmTC_04f10.dir/CheckFunctionExists.c.o: in function `main':
CheckFunctionExists.c:(.text+0x14): undefined reference to `sgemm_'
collect2: error: ld returned 1 exit status
make[1]: *** [CMakeFiles/cmTC_04f10.dir/build.make:87: cmTC_04f10] Error 1
make[1]: Leaving directory '/home/jianrenw/Documents/skilled/cobot_magic/camera_ws/build/CMakeFiles/CMakeTmp'
make: *** [Makefile:121: cmTC_04f10/fast] Error 2



